Traceback (most recent call last):
  File "/Users/yewang/miniforge3/lib/python3.10/site-packages/jupyter_cache/executors/utils.py", line 58, in single_nb_execution
    executenb(
  File "/Users/yewang/miniforge3/lib/python3.10/site-packages/nbclient/client.py", line 1314, in execute
    return NotebookClient(nb=nb, resources=resources, km=km, **kwargs).execute()
  File "/Users/yewang/miniforge3/lib/python3.10/site-packages/jupyter_core/utils/__init__.py", line 165, in wrapped
    return loop.run_until_complete(inner)
  File "/Users/yewang/miniforge3/lib/python3.10/asyncio/base_events.py", line 649, in run_until_complete
    return future.result()
  File "/Users/yewang/miniforge3/lib/python3.10/site-packages/nbclient/client.py", line 709, in async_execute
    await self.async_execute_cell(
  File "/Users/yewang/miniforge3/lib/python3.10/site-packages/nbclient/client.py", line 1062, in async_execute_cell
    await self._check_raise_for_error(cell, cell_index, exec_reply)
  File "/Users/yewang/miniforge3/lib/python3.10/site-packages/nbclient/client.py", line 918, in _check_raise_for_error
    raise CellExecutionError.from_cell_and_msg(cell, exec_reply_content)
nbclient.exceptions.CellExecutionError: An error occurred while executing the following cell:
------------------
from sklearn.model_selection import train_test_split
from sklearn.metrics import accuracy_score

# åˆ’åˆ†æ•°æ®é›†
X_train, X_test, y_train, y_test = train_test_split(X, y, test_size=0.3, random_state=42)

# è®­ç»ƒæ¨¡åž‹
model.fit(X_train, y_train)

# é¢„æµ‹å¹¶è®¡ç®—å‡†ç¡®çŽ‡
y_pred = model.predict(X_test)
accuracy = accuracy_score(y_test, y_pred)
print(f'ç•™å‡ºæ³•çš„å‡†ç¡®çŽ‡: {accuracy:.2f}')
------------------


[0;31m---------------------------------------------------------------------------[0m
[0;31mNameError[0m                                 Traceback (most recent call last)
Cell [0;32mIn[1], line 5[0m
[1;32m      2[0m [38;5;28;01mfrom[39;00m [38;5;21;01msklearn[39;00m[38;5;21;01m.[39;00m[38;5;21;01mmetrics[39;00m [38;5;28;01mimport[39;00m accuracy_score
[1;32m      4[0m [38;5;66;03m# åˆ’åˆ†æ•°æ®é›†[39;00m
[0;32m----> 5[0m X_train, X_test, y_train, y_test [38;5;241m=[39m train_test_split([43mX[49m, y, test_size[38;5;241m=[39m[38;5;241m0.3[39m, random_state[38;5;241m=[39m[38;5;241m42[39m)
[1;32m      7[0m [38;5;66;03m# è®­ç»ƒæ¨¡åž‹[39;00m
[1;32m      8[0m model[38;5;241m.[39mfit(X_train, y_train)

[0;31mNameError[0m: name 'X' is not defined

